<?xml version="1.0" encoding="UTF-8"?>
<!-- Generated by org.testng.reporters.JUnitReportReporter -->
<testsuite hostname="PRAVIN" failures="0" tests="2" name="Automation_Testing.SauceDemo_LoginTest" time="2.680" errors="0" timestamp="2025-08-08T17:02:20 IST" skipped="0">
  <testcase classname="Automation_Testing.SauceDemo_LoginTest" name="testLogin" time="0.412"/>
  <system-out/>
  <testcase classname="Automation_Testing.SauceDemo_LoginTest" name="addToCartTest" time="2.268"/>
  <system-out/>
</testsuite> <!-- Automation_Testing.SauceDemo_LoginTest -->
