<?xml version="1.0" encoding="UTF-8"?>
<!-- Generated by org.testng.reporters.JUnitReportReporter -->
<testsuite hostname="PRAVIN" failures="0" tests="3" name="TestNG.Attibutes" time="0.003" errors="0" timestamp="2025-08-08T15:09:24 IST" skipped="0">
  <testcase classname="TestNG.Attibutes" name="C" time="0.000"/>
  <system-out/>
  <testcase classname="TestNG.Attibutes" name="B" time="0.002"/>
  <system-out/>
  <testcase classname="TestNG.Attibutes" name="A" time="0.001"/>
  <system-out/>
</testsuite> <!-- TestNG.Attibutes -->
