<?xml version="1.0" encoding="UTF-8"?>
<!-- Generated by org.testng.reporters.JUnitReportReporter -->
<testsuite hostname="PRAVIN" failures="0" tests="4" name="Automation_Testing.SauceDemoTests" time="7.024" errors="0" timestamp="2025-08-08T17:55:45 IST" skipped="0">
  <testcase classname="Automation_Testing.SauceDemoTests" name="addToCartTest" time="2.129"/>
  <system-out/>
  <testcase classname="Automation_Testing.SauceDemoTests" name="invalidLoginTest" time="1.115"/>
  <system-out/>
  <testcase classname="Automation_Testing.SauceDemoTests" name="validLoginTest" time="0.354"/>
  <system-out/>
  <testcase classname="Automation_Testing.SauceDemoTests" name="logoutTest" time="3.426"/>
  <system-out/>
</testsuite> <!-- Automation_Testing.SauceDemoTests -->
