<?xml version="1.0" encoding="UTF-8"?>
<!-- Generated by org.testng.reporters.JUnitReportReporter -->
<testsuite hostname="PRAVIN" failures="0" tests="2" name="TestNG.demo" time="0.002" errors="0" timestamp="2025-08-08T15:09:24 IST" skipped="0">
  <testcase classname="TestNG.demo" name="addition1" time="0.001"/>
  <system-out/>
  <testcase classname="TestNG.demo" name="addition2" time="0.001"/>
  <system-out/>
</testsuite> <!-- TestNG.demo -->
