<?xml version="1.0" encoding="UTF-8"?>
<!-- Generated by org.testng.reporters.JUnitReportReporter -->
<testsuite hostname="PRAVIN" failures="0" tests="1" name="TestNG.demo1" time="0.020" errors="0" timestamp="2025-08-08T17:00:08 IST" skipped="0">
  <testcase classname="TestNG.demo1" name="logintestcase" time="0.020"/>
  <system-out/>
</testsuite> <!-- TestNG.demo1 -->
