<?xml version="1.0" encoding="UTF-8"?>
<!-- Generated by org.testng.reporters.JUnitReportReporter -->
<testsuite hostname="PRAVIN" failures="0" tests="2" name="TestNG.multiplication" time="0.003" errors="0" timestamp="2025-08-08T15:09:24 IST" skipped="0">
  <testcase classname="TestNG.multiplication" name="mul1" time="0.001"/>
  <system-out/>
  <testcase classname="TestNG.multiplication" name="mul2" time="0.002"/>
  <system-out/>
</testsuite> <!-- TestNG.multiplication -->
